#
# There is insufficient memory for the Java Runtime Environment to continue.
# Native memory allocation (malloc) failed to allocate 1139296 bytes for Chunk::new
# Possible reasons:
#   The system is out of physical RAM or swap space
#   The process is running with CompressedOops enabled, and the Java Heap may be blocking the growth of the native heap
# Possible solutions:
#   Reduce memory load on the system
#   Increase physical memory or swap space
#   Check if swap backing store is full
#   Decrease Java heap size (-Xmx/-Xms)
#   Decrease number of Java threads
#   Decrease Java thread stack sizes (-Xss)
#   Set larger code cache with -XX:ReservedCodeCacheSize=
#   JVM is running with Unscaled Compressed Oops mode in which the Java heap is
#     placed in the first 4GB address space. The Java Heap base address is the
#     maximum limit for the native heap growth. Please use -XX:HeapBaseMinAddress
#     to set the Java Heap base and to place the Java Heap above 4GB virtual address.
# This output file may be truncated or incomplete.
#
#  Out of Memory Error (allocation.cpp:389), pid=10872, tid=0x00000000000031e8
#
# JRE version: OpenJDK Runtime Environment (8.0_212-b04) (build 1.8.0_212-release-1586-b04)
# Java VM: OpenJDK 64-Bit Server VM (25.212-b04 mixed mode windows-amd64 compressed oops)
# Failed to write core dump. Minidumps are not enabled by default on client versions of Windows
#

---------------  T H R E A D  ---------------

Current thread (0x000000001683c800):  JavaThread "C2 CompilerThread0" daemon [_thread_in_native, id=12776, stack(0x00000000184a0000,0x00000000185a0000)]

Stack: [0x00000000184a0000,0x00000000185a0000]
[error occurred during error reporting (printing stack bounds), id 0xc0000005]

Native frames: (J=compiled Java code, j=interpreted, Vv=VM code, C=native code)


Current CompileTask:
C2:1394730 16139   !   4       java.io.ObjectInputStream::readObject0 (566 bytes)


---------------  P R O C E S S  ---------------

Java Threads: ( => current thread )
  0x0000000019c74000 JavaThread "WorkerExecutor Queue Thread 7" [_thread_blocked, id=7988, stack(0x000000002c6d0000,0x000000002c7d0000)]
  0x0000000019c6a000 JavaThread "WorkerExecutor Queue Thread 6" [_thread_blocked, id=6756, stack(0x000000002c5d0000,0x000000002c6d0000)]
  0x0000000019c6f800 JavaThread "WorkerExecutor Queue Thread 5" [_thread_blocked, id=11020, stack(0x000000002c4d0000,0x000000002c5d0000)]
  0x0000000019c6e800 JavaThread "WorkerExecutor Queue Thread 4" [_thread_blocked, id=5280, stack(0x000000002c3d0000,0x000000002c4d0000)]
  0x0000000019c6d000 JavaThread "Cache worker for Java compile cache (C:\coding\android\DyplomMessenger\.gradle\5.6.4\javaCompile)" [_thread_blocked, id=4532, stack(0x000000002bed0000,0x000000002bfd0000)]
  0x0000000019c6c800 JavaThread "WorkerExecutor Queue Thread 3" [_thread_in_Java, id=12296, stack(0x000000002bdd0000,0x000000002bed0000)]
  0x000000001ebe7800 JavaThread "RMI TCP Connection(7)-127.0.0.1" daemon [_thread_in_native, id=5336, stack(0x000000002b6d0000,0x000000002b7d0000)]
  0x000000001ebe8800 JavaThread "RMI TCP Connection(6)-127.0.0.1" daemon [_thread_in_native, id=5880, stack(0x000000002b5d0000,0x000000002b6d0000)]
  0x000000001ebe9000 JavaThread "RMI TCP Connection(5)-127.0.0.1" daemon [_thread_in_native, id=3240, stack(0x000000002b4d0000,0x000000002b5d0000)]
  0x000000001ebee800 JavaThread "RMI RenewClean-[127.0.0.1:17342,org.jetbrains.kotlin.daemon.common.LoopbackNetworkInterface$ClientLoopbackSocketFactory@21158700]" daemon [_thread_blocked, id=4148, stack(0x000000002b3d0000,0x000000002b4d0000)]
  0x000000001ebec000 JavaThread "WorkerExecutor Queue Thread 2" [_thread_in_Java, id=10032, stack(0x000000002a2b0000,0x000000002a3b0000)]
  0x000000001ebea000 JavaThread "stdout" [_thread_in_native, id=4224, stack(0x000000002a1b0000,0x000000002a2b0000)]
  0x000000001ebeb800 JavaThread "stderr" [_thread_in_native, id=920, stack(0x000000002a0b0000,0x000000002a1b0000)]
  0x000000001ebea800 JavaThread "pool-9-thread-1" [_thread_blocked, id=10116, stack(0x0000000029cb0000,0x0000000029db0000)]
  0x000000001ebed800 JavaThread "WorkerExecutor Queue" [_thread_in_Java, id=2948, stack(0x00000000245a0000,0x00000000246a0000)]
  0x000000001ebe1000 JavaThread "Cache worker for execution history cache (C:\coding\android\DyplomMessenger\.gradle\5.6.4\executionHistory)" [_thread_blocked, id=9400, stack(0x0000000023fa0000,0x00000000240a0000)]
  0x000000001ebe0000 JavaThread "Execution worker for ':' Thread 5" [_thread_blocked, id=6268, stack(0x00000000238a0000,0x00000000239a0000)]
  0x000000001ebe5800 JavaThread "Execution worker for ':' Thread 4" [_thread_blocked, id=3900, stack(0x00000000235a0000,0x00000000236a0000)]
  0x000000001ebe3000 JavaThread "Execution worker for ':' Thread 3" [_thread_blocked, id=1840, stack(0x00000000234a0000,0x00000000235a0000)]
  0x000000001ebe2800 JavaThread "Execution worker for ':' Thread 2" [_thread_blocked, id=6928, stack(0x00000000233a0000,0x00000000234a0000)]
  0x0000000019e63000 JavaThread "Execution worker for ':'" [_thread_blocked, id=6544, stack(0x0000000022ca0000,0x0000000022da0000)]
  0x0000000019e61800 JavaThread "Cache worker for file content cache (C:\coding\android\DyplomMessenger\.gradle\5.6.4\fileContent)" [_thread_blocked, id=12728, stack(0x0000000020dd0000,0x0000000020ed0000)]
  0x0000000019e66000 JavaThread "Cache worker for Build Output Cleanup Cache (C:\coding\android\DyplomMessenger\.gradle\buildOutputCleanup)" [_thread_blocked, id=10288, stack(0x00000000206d0000,0x00000000207d0000)]
  0x0000000019e66800 JavaThread "Build operations Thread 6" [_thread_blocked, id=5356, stack(0x00000000205d0000,0x00000000206d0000)]
  0x0000000019e65000 JavaThread "Build operations Thread 5" [_thread_blocked, id=8584, stack(0x00000000204d0000,0x00000000205d0000)]
  0x0000000019e62000 JavaThread "Build operations Thread 4" [_thread_blocked, id=4588, stack(0x00000000203d0000,0x00000000204d0000)]
  0x0000000019e63800 JavaThread "Build operations Thread 3" [_thread_blocked, id=5876, stack(0x00000000202d0000,0x00000000203d0000)]
  0x0000000019e64800 JavaThread "Build operations Thread 2" [_thread_blocked, id=6584, stack(0x00000000201d0000,0x00000000202d0000)]
  0x0000000019e67800 JavaThread "Build operations" [_thread_blocked, id=9016, stack(0x000000001fdd0000,0x000000001fed0000)]
  0x0000000019e5a000 JavaThread "Cache worker for cache directory md-rule (C:\Users\dimal\.gradle\caches\5.6.4\md-rule)" [_thread_blocked, id=7544, stack(0x000000001f0d0000,0x000000001f1d0000)]
  0x0000000019e5d800 JavaThread "Cache worker for cache directory md-supplier (C:\Users\dimal\.gradle\caches\5.6.4\md-supplier)" [_thread_blocked, id=11456, stack(0x000000001dd90000,0x000000001de90000)]
  0x0000000019e60800 JavaThread "Cache worker for file hash cache (C:\coding\android\DyplomMessenger\.gradle\5.6.4\fileHashes)" [_thread_blocked, id=4992, stack(0x000000001c6c0000,0x000000001c7c0000)]
  0x0000000019e5a800 JavaThread "Thread-119" [_thread_blocked, id=4744, stack(0x000000001c3c0000,0x000000001c4c0000)]
  0x0000000019e59000 JavaThread "Stdin handler" [_thread_blocked, id=1276, stack(0x000000001c2c0000,0x000000001c3c0000)]
  0x0000000019e5d000 JavaThread "Asynchronous log dispatcher for DefaultDaemonConnection: socket connection from /127.0.0.1:59806 to /127.0.0.1:60109" [_thread_blocked, id=5492, stack(0x000000001bfc0000,0x000000001c0c0000)]
  0x0000000019e5f000 JavaThread "Daemon worker Thread 4" [_thread_blocked, id=12488, stack(0x000000001bec0000,0x000000001bfc0000)]
  0x0000000019e5e800 JavaThread "Cancel handler" [_thread_blocked, id=7300, stack(0x0000000001060000,0x0000000001160000)]
  0x0000000019e60000 JavaThread "Handler for socket connection from /127.0.0.1:59806 to /127.0.0.1:60109" [_thread_in_native, id=10084, stack(0x0000000000f60000,0x0000000001060000)]
  0x0000000019e5b800 JavaThread "Daemon Thread 4" [_thread_blocked, id=4972, stack(0x0000000000e60000,0x0000000000f60000)]
  0x000000001cfb1000 JavaThread "Cache worker for Java compile cache (C:\Users\dimal\.gradle\caches\5.6.4\javaCompile)" [_thread_blocked, id=10620, stack(0x0000000029db0000,0x0000000029eb0000)]
  0x0000000019c73000 JavaThread "RMI Reaper" [_thread_blocked, id=4380, stack(0x00000000248a0000,0x00000000249a0000)]
  0x000000001cfb7800 JavaThread "RMI TCP Accept-0" daemon [_thread_in_native, id=6668, stack(0x00000000247a0000,0x00000000248a0000)]
  0x000000001cfbe800 JavaThread "GC Daemon" daemon [_thread_blocked, id=248, stack(0x00000000246a0000,0x00000000247a0000)]
  0x000000001cfb4800 JavaThread "RMI Scheduler(0)" daemon [_thread_blocked, id=8820, stack(0x00000000244a0000,0x00000000245a0000)]
  0x000000001cfbb800 JavaThread "Cache worker for file content cache (C:\Users\dimal\.gradle\caches\5.6.4\fileContent)" [_thread_blocked, id=1484, stack(0x0000000022ba0000,0x0000000022ca0000)]
  0x000000001cfba800 JavaThread "Memory manager" [_thread_blocked, id=11360, stack(0x0000000022aa0000,0x0000000022ba0000)]
  0x000000001cfb3000 JavaThread "Cache worker for execution history cache (C:\Users\dimal\.gradle\caches\5.6.4\executionHistory)" [_thread_blocked, id=9200, stack(0x000000001fed0000,0x000000001ffd0000)]
  0x0000000019d3e800 JavaThread "Cache worker for journal cache (C:\Users\dimal\.gradle\caches\journal-1)" [_thread_blocked, id=11960, stack(0x000000001ccc0000,0x000000001cdc0000)]
  0x0000000019d42800 JavaThread "File lock request listener" [_thread_in_native, id=2928, stack(0x000000001cbc0000,0x000000001ccc0000)]
  0x000000001aa46800 JavaThread "Cache worker for file hash cache (C:\Users\dimal\.gradle\caches\5.6.4\fileHashes)" [_thread_blocked, id=9148, stack(0x000000001c7c0000,0x000000001c8c0000)]
  0x000000001a92f000 JavaThread "Daemon periodic checks" [_thread_blocked, id=1576, stack(0x000000001bdc0000,0x000000001bec0000)]
  0x000000001a8c9800 JavaThread "Incoming local TCP Connector on port 59806" [_thread_in_native, id=1148, stack(0x000000001bb80000,0x000000001bc80000)]
  0x0000000018b76800 JavaThread "Daemon health stats" [_thread_blocked, id=7632, stack(0x000000001b540000,0x000000001b640000)]
  0x000000001881a000 JavaThread "Service Thread" daemon [_thread_blocked, id=7784, stack(0x0000000018ba0000,0x0000000018ca0000)]
  0x0000000016849000 JavaThread "C1 CompilerThread2" daemon [_thread_in_native, id=9820, stack(0x00000000186a0000,0x00000000187a0000)]
  0x0000000016843000 JavaThread "C2 CompilerThread1" daemon [_thread_in_native, id=4964, stack(0x00000000185a0000,0x00000000186a0000)]
=>0x000000001683c800 JavaThread "C2 CompilerThread0" daemon [_thread_in_native, id=12776, stack(0x00000000184a0000,0x00000000185a0000)]
  0x0000000016834000 JavaThread "Attach Listener" daemon [_thread_blocked, id=13016, stack(0x00000000183a0000,0x00000000184a0000)]
  0x000000001683a800 JavaThread "Signal Dispatcher" daemon [_thread_blocked, id=13128, stack(0x00000000182a0000,0x00000000183a0000)]
  0x0000000002c7c000 JavaThread "Finalizer" daemon [_thread_blocked, id=12660, stack(0x00000000180a0000,0x00000000181a0000)]
  0x0000000002c75000 JavaThread "Reference Handler" daemon [_thread_blocked, id=5856, stack(0x0000000017fa0000,0x00000000180a0000)]
  0x0000000002a7e800 JavaThread "main" [_thread_blocked, id=6048, stack(0x0000000002a80000,0x0000000002b80000)]

Other Threads:
  0x00000000167f8000 VMThread [stack: 0x0000000017ea0000,0x0000000017fa0000] [id=2980]
  0x000000001881b000 WatcherThread [stack: 0x0000000018ca0000,0x0000000018da0000] [id=584]

VM state:not at safepoint (normal execution)

VM Mutex/Monitor currently owned by a thread: None

heap address: 0x00000000a0000000, size: 1536 MB, Compressed Oops mode: 32-bit
Narrow klass base: 0x0000000000000000, Narrow klass shift: 3
Compressed class space size: 1073741824 Address: 0x0000000100000000

Heap:
 PSYoungGen      total 211968K, used 198952K [0x00000000e0000000, 0x00000000f0e00000, 0x0000000100000000)
  eden space 176128K, 92% used [0x00000000e0000000,0x00000000e9fae698,0x00000000eac00000)
  from space 35840K, 98% used [0x00000000eb100000,0x00000000ed39bc78,0x00000000ed400000)
  to   space 50176K, 0% used [0x00000000edd00000,0x00000000edd00000,0x00000000f0e00000)
 ParOldGen       total 160768K, used 66650K [0x00000000a0000000, 0x00000000a9d00000, 0x00000000e0000000)
  object space 160768K, 41% used [0x00000000a0000000,0x00000000a4116b50,0x00000000a9d00000)
 Metaspace       used 93565K, capacity 97900K, committed 98048K, reserved 1134592K
  class space    used 12477K, capacity 13308K, committed 13312K, reserved 1048576K

Card table byte_map: [0x0000000012040000,0x0000000012350000] byte_map_base: 0x0000000011b40000

Marking Bits: (ParMarkBitMap*) 0x000000005f6b9f30
 Begin Bits: [0x0000000012b50000, 0x0000000014350000)
 End Bits:   [0x0000000014350000, 0x0000000015b50000)

Polling page: 0x0000000000d20000

CodeCache: size=245760Kb used=43758Kb max_used=43758Kb free=202001Kb
 bounds [0x0000000002c80000, 0x0000000005770000, 0x0000000011c80000]
 total_blobs=14648 nmethods=13725 adapters=835
 compilation: enabled

Compilation events (10 events):
Event: 1394.471 Thread 0x0000000016849000 nmethod 16375 0x0000000005728990 code [0x0000000005728b40, 0x0000000005729058]
Event: 1394.471 Thread 0x0000000016849000 16378 %     3       com.android.tools.r8.B.a.a.f::a @ 30 (131 bytes)
Event: 1394.472 Thread 0x0000000016849000 nmethod 16378% 0x0000000005729290 code [0x0000000005729480, 0x0000000005729d58]
Event: 1394.472 Thread 0x0000000016849000 16382 %     3       com.android.tools.r8.B.a.a.f::<init> @ 106 (383 bytes)
Event: 1394.474 Thread 0x0000000016849000 nmethod 16382% 0x000000000572a410 code [0x000000000572a6a0, 0x000000000572ba58]
Event: 1394.474 Thread 0x0000000016849000 16384 %     3       com.android.tools.r8.B.a.a.f::a @ 1772 (3659 bytes)
Event: 1394.516 Thread 0x0000000016849000 nmethod 16384% 0x000000000572c7d0 code [0x000000000572e280, 0x0000000005744d48]
Event: 1394.516 Thread 0x0000000016849000 16425       1       com.android.tools.r8.u.c.o::b (2 bytes)
Event: 1394.516 Thread 0x0000000016849000 nmethod 16425 0x00000000057620d0 code [0x0000000005762220, 0x0000000005762330]
Event: 1394.516 Thread 0x0000000016849000 16404       1       com.android.tools.r8.s.a.a.b.g2::size (6 bytes)

GC Heap History (10 events):
Event: 463.661 GC heap before
{Heap before GC invocations=16 (full 3):
 PSYoungGen      total 222208K, used 222205K [0x00000000e0000000, 0x00000000efe80000, 0x0000000100000000)
  eden space 198656K, 100% used [0x00000000e0000000,0x00000000ec200000,0x00000000ec200000)
  from space 23552K, 99% used [0x00000000ede00000,0x00000000ef4ff748,0x00000000ef500000)
  to   space 28672K, 0% used [0x00000000ec200000,0x00000000ec200000,0x00000000ede00000)
 ParOldGen       total 160768K, used 43448K [0x00000000a0000000, 0x00000000a9d00000, 0x00000000e0000000)
  object space 160768K, 27% used [0x00000000a0000000,0x00000000a2a6e2b8,0x00000000a9d00000)
 Metaspace       used 72574K, capacity 75228K, committed 75264K, reserved 1114112K
  class space    used 9666K, capacity 10216K, committed 10240K, reserved 1048576K
Event: 463.719 GC heap after
Heap after GC invocations=16 (full 3):
 PSYoungGen      total 227328K, used 28648K [0x00000000e0000000, 0x00000000f2580000, 0x0000000100000000)
  eden space 198656K, 0% used [0x00000000e0000000,0x00000000e0000000,0x00000000ec200000)
  from space 28672K, 99% used [0x00000000ec200000,0x00000000eddfa060,0x00000000ede00000)
  to   space 35840K, 0% used [0x00000000f0280000,0x00000000f0280000,0x00000000f2580000)
 ParOldGen       total 160768K, used 51817K [0x00000000a0000000, 0x00000000a9d00000, 0x00000000e0000000)
  object space 160768K, 32% used [0x00000000a0000000,0x00000000a329a650,0x00000000a9d00000)
 Metaspace       used 72574K, capacity 75228K, committed 75264K, reserved 1114112K
  class space    used 9666K, capacity 10216K, committed 10240K, reserved 1048576K
}
Event: 821.877 GC heap before
{Heap before GC invocations=17 (full 3):
 PSYoungGen      total 227328K, used 227304K [0x00000000e0000000, 0x00000000f2580000, 0x0000000100000000)
  eden space 198656K, 100% used [0x00000000e0000000,0x00000000ec200000,0x00000000ec200000)
  from space 28672K, 99% used [0x00000000ec200000,0x00000000eddfa060,0x00000000ede00000)
  to   space 35840K, 0% used [0x00000000f0280000,0x00000000f0280000,0x00000000f2580000)
 ParOldGen       total 160768K, used 51817K [0x00000000a0000000, 0x00000000a9d00000, 0x00000000e0000000)
  object space 160768K, 32% used [0x00000000a0000000,0x00000000a329a650,0x00000000a9d00000)
 Metaspace       used 77047K, capacity 80086K, committed 80256K, reserved 1118208K
  class space    used 10171K, capacity 10801K, committed 10880K, reserved 1048576K
Event: 821.929 GC heap after
Heap after GC invocations=17 (full 3):
 PSYoungGen      total 228352K, used 35839K [0x00000000e0000000, 0x00000000f2580000, 0x0000000100000000)
  eden space 192512K, 0% used [0x00000000e0000000,0x00000000e0000000,0x00000000ebc00000)
  from space 35840K, 99% used [0x00000000f0280000,0x00000000f257fc88,0x00000000f2580000)
  to   space 43520K, 0% used [0x00000000ed080000,0x00000000ed080000,0x00000000efb00000)
 ParOldGen       total 160768K, used 56820K [0x00000000a0000000, 0x00000000a9d00000, 0x00000000e0000000)
  object space 160768K, 35% used [0x00000000a0000000,0x00000000a377d0d0,0x00000000a9d00000)
 Metaspace       used 77047K, capacity 80086K, committed 80256K, reserved 1118208K
  class space    used 10171K, capacity 10801K, committed 10880K, reserved 1048576K
}
Event: 851.017 GC heap before
{Heap before GC invocations=18 (full 3):
 PSYoungGen      total 228352K, used 228351K [0x00000000e0000000, 0x00000000f2580000, 0x0000000100000000)
  eden space 192512K, 100% used [0x00000000e0000000,0x00000000ebc00000,0x00000000ebc00000)
  from space 35840K, 99% used [0x00000000f0280000,0x00000000f257fc88,0x00000000f2580000)
  to   space 43520K, 0% used [0x00000000ed080000,0x00000000ed080000,0x00000000efb00000)
 ParOldGen       total 160768K, used 56820K [0x00000000a0000000, 0x00000000a9d00000, 0x00000000e0000000)
  object space 160768K, 35% used [0x00000000a0000000,0x00000000a377d0d0,0x00000000a9d00000)
 Metaspace       used 79274K, capacity 82634K, committed 82944K, reserved 1120256K
  class space    used 10485K, capacity 11163K, committed 11264K, reserved 1048576K
Event: 851.061 GC heap after
Heap after GC invocations=18 (full 3):
 PSYoungGen      total 215552K, used 28212K [0x00000000e0000000, 0x00000000f0d80000, 0x0000000100000000)
  eden space 186880K, 0% used [0x00000000e0000000,0x00000000e0000000,0x00000000eb680000)
  from space 28672K, 98% used [0x00000000ed080000,0x00000000eec0d0e0,0x00000000eec80000)
  to   space 33792K, 0% used [0x00000000eec80000,0x00000000eec80000,0x00000000f0d80000)
 ParOldGen       total 160768K, used 66634K [0x00000000a0000000, 0x00000000a9d00000, 0x00000000e0000000)
  object space 160768K, 41% used [0x00000000a0000000,0x00000000a4112b50,0x00000000a9d00000)
 Metaspace       used 79274K, capacity 82634K, committed 82944K, reserved 1120256K
  class space    used 10485K, capacity 11163K, committed 11264K, reserved 1048576K
}
Event: 1385.008 GC heap before
{Heap before GC invocations=19 (full 3):
 PSYoungGen      total 215552K, used 215092K [0x00000000e0000000, 0x00000000f0d80000, 0x0000000100000000)
  eden space 186880K, 100% used [0x00000000e0000000,0x00000000eb680000,0x00000000eb680000)
  from space 28672K, 98% used [0x00000000ed080000,0x00000000eec0d0e0,0x00000000eec80000)
  to   space 33792K, 0% used [0x00000000eec80000,0x00000000eec80000,0x00000000f0d80000)
 ParOldGen       total 160768K, used 66634K [0x00000000a0000000, 0x00000000a9d00000, 0x00000000e0000000)
  object space 160768K, 41% used [0x00000000a0000000,0x00000000a4112b50,0x00000000a9d00000)
 Metaspace       used 87716K, capacity 91926K, committed 92032K, reserved 1128448K
  class space    used 11791K, capacity 12575K, committed 12672K, reserved 1048576K
Event: 1385.066 GC heap after
Heap after GC invocations=19 (full 3):
 PSYoungGen      total 214528K, used 32108K [0x00000000e0000000, 0x00000000f0d00000, 0x0000000100000000)
  eden space 181248K, 0% used [0x00000000e0000000,0x00000000e0000000,0x00000000eb100000)
  from space 33280K, 96% used [0x00000000eec80000,0x00000000f0bdb3c0,0x00000000f0d00000)
  to   space 47104K, 0% used [0x00000000eb100000,0x00000000eb100000,0x00000000edf00000)
 ParOldGen       total 160768K, used 66642K [0x00000000a0000000, 0x00000000a9d00000, 0x00000000e0000000)
  object space 160768K, 41% used [0x00000000a0000000,0x00000000a4114b50,0x00000000a9d00000)
 Metaspace       used 87716K, capacity 91926K, committed 92032K, reserved 1128448K
  class space    used 11791K, capacity 12575K, committed 12672K, reserved 1048576K
}
Event: 1389.181 GC heap before
{Heap before GC invocations=20 (full 3):
 PSYoungGen      total 214528K, used 213356K [0x00000000e0000000, 0x00000000f0d00000, 0x0000000100000000)
  eden space 181248K, 100% used [0x00000000e0000000,0x00000000eb100000,0x00000000eb100000)
  from space 33280K, 96% used [0x00000000eec80000,0x00000000f0bdb3c0,0x00000000f0d00000)
  to   space 47104K, 0% used [0x00000000eb100000,0x00000000eb100000,0x00000000edf00000)
 ParOldGen       total 160768K, used 66642K [0x00000000a0000000, 0x00000000a9d00000, 0x00000000e0000000)
  object space 160768K, 41% used [0x00000000a0000000,0x00000000a4114b50,0x00000000a9d00000)
 Metaspace       used 88625K, capacity 92852K, committed 93184K, reserved 1130496K
  class space    used 11889K, capacity 12684K, committed 12800K, reserved 1048576K
Event: 1389.216 GC heap after
Heap after GC invocations=20 (full 3):
 PSYoungGen      total 211968K, used 35439K [0x00000000e0000000, 0x00000000f0e00000, 0x0000000100000000)
  eden space 176128K, 0% used [0x00000000e0000000,0x00000000e0000000,0x00000000eac00000)
  from space 35840K, 98% used [0x00000000eb100000,0x00000000ed39bc78,0x00000000ed400000)
  to   space 50176K, 0% used [0x00000000edd00000,0x00000000edd00000,0x00000000f0e00000)
 ParOldGen       total 160768K, used 66650K [0x00000000a0000000, 0x00000000a9d00000, 0x00000000e0000000)
  object space 160768K, 41% used [0x00000000a0000000,0x00000000a4116b50,0x00000000a9d00000)
 Metaspace       used 88625K, capacity 92852K, committed 93184K, reserved 1130496K
  class space    used 11889K, capacity 12684K, committed 12800K, reserved 1048576K
}

Deoptimization events (10 events):
Event: 1394.086 Thread 0x000000001ebe3000 Uncommon trap: reason=unstable_if action=reinterpret pc=0x0000000003742b98 method=java.io.File.equals(Ljava/lang/Object;)Z @ 1
Event: 1394.116 Thread 0x000000001ebe3000 Uncommon trap: reason=predicate action=maybe_recompile pc=0x000000000565d578 method=java.util.ComparableTimSort.binarySort([Ljava/lang/Object;III)V @ 37
Event: 1394.121 Thread 0x000000001ebe3000 Uncommon trap: reason=unstable_if action=reinterpret pc=0x000000000565dc84 method=com.sun.tools.javac.file.ZipFileIndex$Entry.compareTo(Lcom/sun/tools/javac/file/ZipFileIndex$Entry;)I @ 23
Event: 1394.128 Thread 0x000000001ebe3000 Uncommon trap: reason=array_check action=maybe_recompile pc=0x000000000565afa8 method=java.util.ComparableTimSort.binarySort([Ljava/lang/Object;III)V @ 215
Event: 1394.136 Thread 0x000000001ebe3000 Uncommon trap: reason=array_check action=maybe_recompile pc=0x000000000565fd00 method=java.util.ComparableTimSort.binarySort([Ljava/lang/Object;III)V @ 183
Event: 1394.136 Thread 0x000000001ebe3000 Uncommon trap: reason=array_check action=maybe_recompile pc=0x000000000565fd00 method=java.util.ComparableTimSort.binarySort([Ljava/lang/Object;III)V @ 183
Event: 1394.136 Thread 0x000000001ebe3000 Uncommon trap: reason=array_check action=maybe_recompile pc=0x000000000565fc50 method=java.util.ComparableTimSort.binarySort([Ljava/lang/Object;III)V @ 193
Event: 1394.136 Thread 0x000000001ebe3000 Uncommon trap: reason=array_check action=maybe_recompile pc=0x000000000565afa8 method=java.util.ComparableTimSort.binarySort([Ljava/lang/Object;III)V @ 215
Event: 1394.136 Thread 0x000000001ebe3000 Uncommon trap: reason=array_check action=maybe_recompile pc=0x000000000565fc50 method=java.util.ComparableTimSort.binarySort([Ljava/lang/Object;III)V @ 193
Event: 1394.296 Thread 0x0000000019c6e800 Uncommon trap: reason=speculate_class_check action=maybe_recompile pc=0x000000000405d3bc method=java.util.HashMap.putVal(ILjava/lang/Object;Ljava/lang/Object;ZZ)Ljava/lang/Object; @ 152

Classes redefined (0 events):
No events

Internal exceptions (10 events):
Event: 1386.730 Thread 0x000000001ebe3000 Implicit null exception at 0x000000000534ff59 to 0x00000000053500cd
Event: 1386.772 Thread 0x000000001ebe3000 Implicit null exception at 0x00000000053646fb to 0x0000000005365681
Event: 1386.839 Thread 0x000000001ebe3000 Exception <a 'java/lang/NoSuchMethodError': <clinit>> (0x00000000e86be308) thrown at [D:\src\AOSP-openjdk-cygwin\jdk8u\hotspot\src\share\vm\prims\jni.cpp, line 1614]
Event: 1386.840 Thread 0x000000001ebe3000 Exception <a 'java/lang/NoSuchMethodError': <clinit>> (0x00000000e86d3128) thrown at [D:\src\AOSP-openjdk-cygwin\jdk8u\hotspot\src\share\vm\prims\jni.cpp, line 1614]
Event: 1389.312 Thread 0x000000001ebed800 Exception <a 'sun/nio/fs/WindowsException'> (0x00000000e0f6da38) thrown at [D:\src\AOSP-openjdk-cygwin\jdk8u\hotspot\src\share\vm\prims\jni.cpp, line 710]
Event: 1389.312 Thread 0x000000001ebed800 Exception <a 'sun/nio/fs/WindowsException'> (0x00000000e0f6dee0) thrown at [D:\src\AOSP-openjdk-cygwin\jdk8u\hotspot\src\share\vm\prims\jni.cpp, line 710]
Event: 1389.624 Thread 0x000000001ebee800 Exception <a 'java/lang/InterruptedException'> (0x00000000e302b2f0) thrown at [D:\src\AOSP-openjdk-cygwin\jdk8u\hotspot\src\share\vm\runtime\objectMonitor.cpp, line 1680]
Event: 1394.086 Thread 0x000000001ebe3000 Implicit null exception at 0x000000000374256f to 0x0000000003742b89
Event: 1394.292 Thread 0x0000000019c6e800 Exception <a 'sun/nio/fs/WindowsException'> (0x00000000e810acf8) thrown at [D:\src\AOSP-openjdk-cygwin\jdk8u\hotspot\src\share\vm\prims\jni.cpp, line 710]
Event: 1394.321 Thread 0x0000000019c6e800 Exception <a 'sun/nio/fs/WindowsException'> (0x00000000e821a440) thrown at [D:\src\AOSP-openjdk-cygwin\jdk8u\hotspot\src\share\vm\prims\jni.cpp, line 710]

Events (10 events):
Event: 1394.475 loading class com/android/tools/r8/ir/analysis/type/k
Event: 1394.475 loading class com/android/tools/r8/ir/analysis/type/k done
Event: 1394.481 loading class com/android/tools/r8/u/b/E0
Event: 1394.481 loading class com/android/tools/r8/u/b/E0 done
Event: 1394.481 loading class com/android/tools/r8/u/b/E0
Event: 1394.481 loading class com/android/tools/r8/u/b/E0 done
Event: 1394.485 loading class com/android/tools/r8/u/c/A
Event: 1394.485 loading class com/android/tools/r8/u/c/A done
Event: 1394.498 Thread 0x000000001ebed800 DEOPT PACKING pc=0x0000000005716642 sp=0x000000002469d060
Event: 1394.498 Thread 0x000000001ebed800 DEOPT UNPACKING pc=0x0000000002cc71d0 sp=0x000000002469cdb8 mode 0


Dynamic libraries:
0x00007ff60ded0000 - 0x00007ff60df01000 	C:\Program Files\Android\Android Studio\jre\bin\java.exe
0x00007ffd55980000 - 0x00007ffd55b70000 	C:\Windows\SYSTEM32\ntdll.dll
0x00007ffd54540000 - 0x00007ffd545f2000 	C:\Windows\System32\KERNEL32.DLL
0x00007ffd53680000 - 0x00007ffd53923000 	C:\Windows\System32\KERNELBASE.dll
0x00007ffd54760000 - 0x00007ffd54803000 	C:\Windows\System32\ADVAPI32.dll
0x00007ffd53dd0000 - 0x00007ffd53e6e000 	C:\Windows\System32\msvcrt.dll
0x00007ffd53e80000 - 0x00007ffd53f17000 	C:\Windows\System32\sechost.dll
0x00007ffd54420000 - 0x00007ffd54540000 	C:\Windows\System32\RPCRT4.dll
0x00007ffd55620000 - 0x00007ffd557b4000 	C:\Windows\System32\USER32.dll
0x00007ffd53960000 - 0x00007ffd53981000 	C:\Windows\System32\win32u.dll
0x00007ffd53bd0000 - 0x00007ffd53bf6000 	C:\Windows\System32\GDI32.dll
0x00007ffd52b00000 - 0x00007ffd52c94000 	C:\Windows\System32\gdi32full.dll
0x00007ffd53990000 - 0x00007ffd53a2e000 	C:\Windows\System32\msvcp_win.dll
0x00007ffd529b0000 - 0x00007ffd52aaa000 	C:\Windows\System32\ucrtbase.dll
0x00007ffd40fd0000 - 0x00007ffd41255000 	C:\Windows\WinSxS\amd64_microsoft.windows.common-controls_6595b64144ccf1df_6.0.18362.719_none_e6c7b883130c6729\COMCTL32.dll
0x00007ffd549a0000 - 0x00007ffd54cd6000 	C:\Windows\System32\combase.dll
0x00007ffd52910000 - 0x00007ffd52990000 	C:\Windows\System32\bcryptPrimitives.dll
0x00007ffd55840000 - 0x00007ffd5586e000 	C:\Windows\System32\IMM32.DLL
0x000000005ed30000 - 0x000000005ee02000 	C:\Program Files\Android\Android Studio\jre\jre\bin\msvcr100.dll
0x000000005eef0000 - 0x000000005f736000 	C:\Program Files\Android\Android Studio\jre\jre\bin\server\jvm.dll
0x00007ffd53e70000 - 0x00007ffd53e78000 	C:\Windows\System32\PSAPI.DLL
0x00007ffd4f3a0000 - 0x00007ffd4f3c4000 	C:\Windows\SYSTEM32\WINMM.dll
0x00007ffd4c7d0000 - 0x00007ffd4c7da000 	C:\Windows\SYSTEM32\VERSION.dll
0x00007ffd41de0000 - 0x00007ffd41de9000 	C:\Windows\SYSTEM32\WSOCK32.dll
0x00007ffd54810000 - 0x00007ffd5487f000 	C:\Windows\System32\WS2_32.dll
0x00007ffd4f370000 - 0x00007ffd4f39d000 	C:\Windows\SYSTEM32\WINMMBASE.dll
0x00007ffd52ab0000 - 0x00007ffd52afa000 	C:\Windows\System32\cfgmgr32.dll
0x00007ffd4df50000 - 0x00007ffd4df5f000 	C:\Program Files\Android\Android Studio\jre\jre\bin\verify.dll
0x00007ffd4df20000 - 0x00007ffd4df49000 	C:\Program Files\Android\Android Studio\jre\jre\bin\java.dll
0x00007ffd4ded0000 - 0x00007ffd4dee6000 	C:\Program Files\Android\Android Studio\jre\jre\bin\zip.dll
0x00007ffd54e80000 - 0x00007ffd55565000 	C:\Windows\System32\SHELL32.dll
0x00007ffd55570000 - 0x00007ffd55619000 	C:\Windows\System32\shcore.dll
0x00007ffd52d00000 - 0x00007ffd53480000 	C:\Windows\System32\windows.storage.dll
0x00007ffd528c0000 - 0x00007ffd528e3000 	C:\Windows\System32\profapi.dll
0x00007ffd52850000 - 0x00007ffd5289a000 	C:\Windows\System32\powrprof.dll
0x00007ffd52840000 - 0x00007ffd52850000 	C:\Windows\System32\UMPDC.dll
0x00007ffd54e10000 - 0x00007ffd54e62000 	C:\Windows\System32\shlwapi.dll
0x00007ffd528f0000 - 0x00007ffd52901000 	C:\Windows\System32\kernel.appcore.dll
0x00007ffd52990000 - 0x00007ffd529a7000 	C:\Windows\System32\cryptsp.dll
0x00007ffd4d5e0000 - 0x00007ffd4d5fa000 	C:\Program Files\Android\Android Studio\jre\jre\bin\net.dll
0x00007ffd46da0000 - 0x00007ffd46f75000 	C:\Windows\SYSTEM32\urlmon.dll
0x00007ffd470a0000 - 0x00007ffd47346000 	C:\Windows\SYSTEM32\iertutil.dll
0x00007ffd521e0000 - 0x00007ffd521ec000 	C:\Windows\SYSTEM32\CRYPTBASE.DLL
0x00007ffd52060000 - 0x00007ffd520c7000 	C:\Windows\system32\mswsock.dll
0x00007ffd495b0000 - 0x00007ffd495c3000 	C:\Program Files\Android\Android Studio\jre\jre\bin\nio.dll
0x00007ffd40690000 - 0x00007ffd406b6000 	C:\Users\dimal\.gradle\native\30\windows-amd64\native-platform.dll
0x00007ffd49570000 - 0x00007ffd4957d000 	C:\Program Files\Android\Android Studio\jre\jre\bin\management.dll
0x00007ffd51be0000 - 0x00007ffd51c13000 	C:\Windows\system32\rsaenh.dll
0x00007ffd53930000 - 0x00007ffd53956000 	C:\Windows\System32\bcrypt.dll
0x00007ffd52760000 - 0x00007ffd52785000 	C:\Windows\SYSTEM32\USERENV.dll
0x00007ffd51d80000 - 0x00007ffd51dba000 	C:\Windows\SYSTEM32\IPHLPAPI.DLL
0x00007ffd54e70000 - 0x00007ffd54e78000 	C:\Windows\System32\NSI.dll
0x00007ffd4db10000 - 0x00007ffd4db26000 	C:\Windows\SYSTEM32\dhcpcsvc6.DLL
0x00007ffd4daf0000 - 0x00007ffd4db0c000 	C:\Windows\SYSTEM32\dhcpcsvc.DLL
0x00007ffd51dc0000 - 0x00007ffd51e8a000 	C:\Windows\SYSTEM32\DNSAPI.dll
0x00007ffd48950000 - 0x00007ffd4896e000 	C:\Users\dimal\AppData\Local\Temp\native-platform42368048165962729dir\native-platform.dll

VM Arguments:
jvm_args: -Xmx1536m -Dfile.encoding=windows-1251 -Duser.country=UA -Duser.language=uk -Duser.variant 
java_command: org.gradle.launcher.daemon.bootstrap.GradleDaemon 5.6.4
java_class_path (initial): C:\Users\dimal\.gradle\wrapper\dists\gradle-5.6.4-all\ankdp27end7byghfw1q2sw75f\gradle-5.6.4\lib\gradle-launcher-5.6.4.jar
Launcher Type: SUN_STANDARD

Environment Variables:
PATH=C:\Program Files (x86)\Python37-32\Scripts\;C:\Program Files (x86)\Python37-32\;C:\Windows\system32;C:\Windows;C:\Windows\System32\Wbem;C:\Windows\System32\WindowsPowerShell\v1.0\;C:\Windows\System32\OpenSSH\;C:\Program Files (x86)\AMD\ATI.ACE\Core-Static;C:\Program Files\Git\cmd;C:\Program Files\dotnet\;C:\Users\dimal\AppData\Local\Programs\Python\Python38-32\Scripts\;C:\Users\dimal\AppData\Local\Programs\Python\Python38-32\;C:\Users\dimal\AppData\Local\Microsoft\WindowsApps;C:\Users\dimal\AppData\Local\atom\bin;C:\Users\dimal\AppData\Roaming\Python\Python37\Scripts;C:\Users\dimal\AppData\Local\Programs\Microsoft VS Code\bin;C:\Users\dimal\.dotnet\tools;C:\Program Files\mingw-w64\x86_64-8.1.0-posix-seh-rt_v6-rev0\mingw64\bin;
USERNAME=dimal
OS=Windows_NT
PROCESSOR_IDENTIFIER=AMD64 Family 21 Model 1 Stepping 2, AuthenticAMD



---------------  S Y S T E M  ---------------

OS: Windows 10.0 , 64 bit Build 18362 (10.0.18362.329)

CPU:total 6 (initial active 6) (6 cores per cpu, 1 threads per core) family 21 model 1 stepping 2, cmov, cx8, fxsr, mmx, sse, sse2, sse3, ssse3, sse4.1, sse4.2, popcnt, avx, aes, clmul, mmxext, 3dnowpref, lzcnt, sse4a, tsc, tscinvbit, tscinv

Memory: 4k page, physical 8385780k(495408k free), swap 16782580k(5712k free)

vm_info: OpenJDK 64-Bit Server VM (25.212-b04) for windows-amd64 JRE (1.8.0_212-release-1586-b04), built by "builder" with MS VC++ 10.0 (VS2010)

time: Fri Mar 13 19:42:45 2020
timezone: Фінляндія (зима)
elapsed time: 1394 seconds (0d 0h 23m 14s)

